<?xml version="1.0" encoding="UTF-8"?>
<testsuite name="censusanalyser.CensusAnalyserTest" tests="20" skipped="0" failures="0" errors="0" timestamp="2021-04-15T19:13:41" hostname="Prashant" time="1.694">
  <properties/>
  <testcase name="giveIndianCensusData_WhenSortedOnPopulation_ShouldReturnSortedResult" classname="censusanalyser.CensusAnalyserTest" time="0.457"/>
  <testcase name="givenStateCodeData_WithWrongFileType_ShouldThrowException" classname="censusanalyser.CensusAnalyserTest" time="0.041"/>
  <testcase name="givenIndianStateCodeData_WhenSortedOnStateCode_ShouldReturnSortedResult" classname="censusanalyser.CensusAnalyserTest" time="0.386"/>
  <testcase name="givenIndianCensusCSVFileReturnsCorrectRecords" classname="censusanalyser.CensusAnalyserTest" time="0.1"/>
  <testcase name="givenIndianCensusData_WithWrongHeader_ShouldThrowException" classname="censusanalyser.CensusAnalyserTest" time="0.039"/>
  <testcase name="givenStateCodeData_WithWrongHeader_ShouldThrowException" classname="censusanalyser.CensusAnalyserTest" time="0.003"/>
  <testcase name="givenStateCodeData_WithWrongDelimeter_ShouldThrowException" classname="censusanalyser.CensusAnalyserTest" time="0.107"/>
  <testcase name="givenIndianCensusData_WhenSortedOnState_ShouldReturnSortedResult" classname="censusanalyser.CensusAnalyserTest" time="0.066"/>
  <testcase name="givenIndiaCensusData_WithWrongFileType_ShouldThrowException" classname="censusanalyser.CensusAnalyserTest" time="0.002"/>
  <testcase name="givenStateCodeData_ReturnExactRecordCount" classname="censusanalyser.CensusAnalyserTest" time="0.006"/>
  <testcase name="givenStateCodeData_WithWrongFile_ShouldThrowException" classname="censusanalyser.CensusAnalyserTest" time="0.005"/>
  <testcase name="givenIndianCensusData_WithWrongDelimeter_ShouldThrowException" classname="censusanalyser.CensusAnalyserTest" time="0.112"/>
  <testcase name="givenIndianCensusCommonCSVFileReturnsCorrectRecords" classname="censusanalyser.CensusAnalyserTest" time="0.127"/>
  <testcase name="givenIndianStateCSV_WithWrongFile_ShouldThrowException_WhenCommonCSVUsed" classname="censusanalyser.CensusAnalyserTest" time="0.0"/>
  <testcase name="givenIndiaCensusData_WithWrongFile_ShouldThrowException" classname="censusanalyser.CensusAnalyserTest" time="0.0"/>
  <testcase name="giveIndianCensusData_WhenSortedOnDensityPerSqKm_ShouldReturnSortedResult" classname="censusanalyser.CensusAnalyserTest" time="0.101"/>
  <testcase name="givenIndianStateCommonCSV_ShouldReturnExactCount" classname="censusanalyser.CensusAnalyserTest" time="0.013"/>
  <testcase name="givenIndianCensusData_WhenSortedOnMostDensity_ShouldReturnSortedResult" classname="censusanalyser.CensusAnalyserTest" time="0.053"/>
  <testcase name="givenIndiaCensusData_WithWrongFile_ShouldThrowException_WhenCommonCSVUsed" classname="censusanalyser.CensusAnalyserTest" time="0.001"/>
  <testcase name="giveIndianCensusData_WhenSortedOnAreaInSqKm_ShouldReturnSortedResult" classname="censusanalyser.CensusAnalyserTest" time="0.061"/>
  <system-out><![CDATA[]]></system-out>
  <system-err><![CDATA[]]></system-err>
</testsuite>
