<?xml version="1.0" encoding="UTF-8"?>
<testsuite name="censusanalyser.CensusAnalyserTest" tests="1" skipped="0" failures="0" errors="0" timestamp="2021-04-09T04:44:39" hostname="Prashant" time="0.026">
  <properties/>
  <testcase name="givenStateCensusData_WithWrongFile_ShouldThrowException" classname="censusanalyser.CensusAnalyserTest" time="0.026"/>
  <system-out><![CDATA[File extension is csv
]]></system-out>
  <system-err><![CDATA[]]></system-err>
</testsuite>
