<?xml version="1.0" encoding="UTF-8"?>
<testsuite name="censusanalyser.CensusAnalyserTest" tests="1" skipped="0" failures="0" errors="0" timestamp="2021-04-11T16:59:28" hostname="Prashant" time="0.051">
  <properties/>
  <testcase name="givenIndianCensusCommonCSVFileReturnsCorrectRecords" classname="censusanalyser.CensusAnalyserTest" time="0.051"/>
  <system-out><![CDATA[]]></system-out>
  <system-err><![CDATA[]]></system-err>
</testsuite>
