<?xml version="1.0" encoding="UTF-8"?>
<testsuite name="censusanalyser.CensusAnalyserTest" tests="1" skipped="0" failures="0" errors="0" timestamp="2021-04-14T16:50:04" hostname="Prashant" time="0.386">
  <properties/>
  <testcase name="giveIndianCensusData_WhenSortedOnDensityPerSqKm_ShouldReturnSortedResult" classname="censusanalyser.CensusAnalyserTest" time="0.386"/>
  <system-out><![CDATA[]]></system-out>
  <system-err><![CDATA[]]></system-err>
</testsuite>
