<?xml version="1.0" encoding="UTF-8"?>
<testsuite name="censusanalyser.CensusAnalyserTest" tests="10" skipped="0" failures="0" errors="0" timestamp="2021-04-09T05:23:33" hostname="Prashant" time="0.427">
  <properties/>
  <testcase name="givenStateCodeData_WithWrongFileType_ShouldThrowException" classname="censusanalyser.CensusAnalyserTest" time="0.014"/>
  <testcase name="givenIndianCensusCSVFileReturnsCorrectRecords" classname="censusanalyser.CensusAnalyserTest" time="0.223"/>
  <testcase name="givenIndianCensusData_WithWrongHeader_ShouldThrowException" classname="censusanalyser.CensusAnalyserTest" time="0.04"/>
  <testcase name="givenStateCodeData_WithWrongHeader_ShouldThrowException" classname="censusanalyser.CensusAnalyserTest" time="0.002"/>
  <testcase name="givenStateCodeData_WithWrongDelimeter_ShouldThrowException" classname="censusanalyser.CensusAnalyserTest" time="0.085"/>
  <testcase name="givenIndiaCensusData_WithWrongFileType_ShouldThrowException" classname="censusanalyser.CensusAnalyserTest" time="0.002"/>
  <testcase name="givenStateCodeData_ReturnExactRecordCount" classname="censusanalyser.CensusAnalyserTest" time="0.008"/>
  <testcase name="givenStateCodeData_WithWrongFile_ShouldThrowException" classname="censusanalyser.CensusAnalyserTest" time="0.007"/>
  <testcase name="givenIndianCensusData_WithWrongDelimeter_ShouldThrowException" classname="censusanalyser.CensusAnalyserTest" time="0.038"/>
  <testcase name="givenIndiaCensusData_WithWrongFile_ShouldThrowException" classname="censusanalyser.CensusAnalyserTest" time="0.002"/>
  <system-out><![CDATA[File extension is txt
File extension is csv
File extension is csv
File extension is csv
File extension is csv
File extension is txt
File extension is csv
File extension is csv
File extension is csv
File extension is csv
]]></system-out>
  <system-err><![CDATA[]]></system-err>
</testsuite>
